<?xml version="1.0" encoding="UTF-8"?>
<!-- Generated by org.testng.reporters.JUnitReportReporter -->
<testsuite skipped="0" hostname="CJ" name="demo1.AssertTest" tests="1" failures="0" timestamp="2020-12-01T23:00:24 CST" time="44.881" errors="0">
  <testcase name="test1" time="44.881" classname="demo1.AssertTest"/>
  <system-out/>
</testsuite> <!-- demo1.AssertTest -->
