<?xml version="1.0" encoding="UTF-8"?>
<!-- Generated by org.testng.reporters.JUnitReportReporter -->
<testsuite skipped="0" hostname="CJ" name="demo1.CxjTest" tests="1" failures="0" timestamp="2020-12-06T20:04:33 CST" time="15.865" errors="0">
  <testcase name="test1" time="15.865" classname="demo1.CxjTest"/>
  <system-out/>
</testsuite> <!-- demo1.CxjTest -->
