<?xml version="1.0" encoding="UTF-8"?>
<!-- Generated by org.testng.reporters.JUnitReportReporter -->
<testsuite skipped="0" hostname="CJ" name="com.webtest.demo.CxjTest" tests="5" failures="0" timestamp="2020-12-07T09:00:57 CST" time="57.991" errors="0">
  <testcase name="test29" time="36.943" classname="com.webtest.demo.CxjTest"/>
  <system-out/>
  <testcase name="test30" time="5.258" classname="com.webtest.demo.CxjTest"/>
  <system-out/>
  <testcase name="test31" time="5.267" classname="com.webtest.demo.CxjTest"/>
  <system-out/>
  <testcase name="test32" time="5.269" classname="com.webtest.demo.CxjTest"/>
  <system-out/>
  <testcase name="test33" time="5.254" classname="com.webtest.demo.CxjTest"/>
  <system-out/>
</testsuite> <!-- com.webtest.demo.CxjTest -->
