<?xml version="1.0" encoding="UTF-8"?>
<!-- Generated by org.testng.reporters.JUnitReportReporter -->
<testsuite skipped="0" hostname="CJ" name="demo1.LoginTest" tests="50" failures="0" timestamp="2020-11-25T17:33:36 CST" time="674.501" errors="0">
  <testcase name="test1" time="44.151" classname="demo1.LoginTest"/>
  <system-out/>
  <testcase name="test2" time="28.537" classname="demo1.LoginTest"/>
  <system-out/>
  <testcase name="test3" time="28.523" classname="demo1.LoginTest"/>
  <system-out/>
  <testcase name="test4" time="28.608" classname="demo1.LoginTest"/>
  <system-out/>
  <testcase name="test5" time="9.573" classname="demo1.LoginTest"/>
  <system-out/>
  <testcase name="test6" time="12.783" classname="demo1.LoginTest"/>
  <system-out/>
  <testcase name="test7" time="9.520" classname="demo1.LoginTest"/>
  <system-out/>
  <testcase name="test8" time="31.395" classname="demo1.LoginTest"/>
  <system-out/>
  <testcase name="test9" time="9.491" classname="demo1.LoginTest"/>
  <system-out/>
  <testcase name="test10" time="19.251" classname="demo1.LoginTest"/>
  <system-out/>
  <testcase name="test11" time="9.600" classname="demo1.LoginTest"/>
  <system-out/>
  <testcase name="test12" time="6.241" classname="demo1.LoginTest"/>
  <system-out/>
  <testcase name="test13" time="6.240" classname="demo1.LoginTest"/>
  <system-out/>
  <testcase name="test14" time="6.260" classname="demo1.LoginTest"/>
  <system-out/>
  <testcase name="test15" time="6.251" classname="demo1.LoginTest"/>
  <system-out/>
  <testcase name="test16" time="6.270" classname="demo1.LoginTest"/>
  <system-out/>
  <testcase name="test17" time="6.252" classname="demo1.LoginTest"/>
  <system-out/>
  <testcase name="test18" time="28.573" classname="demo1.LoginTest"/>
  <system-out/>
  <testcase name="test19" time="6.549" classname="demo1.LoginTest"/>
  <system-out/>
  <testcase name="test20" time="6.572" classname="demo1.LoginTest"/>
  <system-out/>
  <testcase name="test21" time="12.765" classname="demo1.LoginTest"/>
  <system-out/>
  <testcase name="test22" time="9.512" classname="demo1.LoginTest"/>
  <system-out/>
  <testcase name="test23" time="6.237" classname="demo1.LoginTest"/>
  <system-out/>
  <testcase name="test24" time="3.221" classname="demo1.LoginTest"/>
  <system-out/>
  <testcase name="test25" time="12.856" classname="demo1.LoginTest"/>
  <system-out/>
  <testcase name="test26" time="47.712" classname="demo1.LoginTest"/>
  <system-out/>
  <testcase name="test27" time="38.136" classname="demo1.LoginTest"/>
  <system-out/>
  <testcase name="test28" time="6.623" classname="demo1.LoginTest"/>
  <system-out/>
  <testcase name="test29" time="21.604" classname="demo1.LoginTest"/>
  <system-out/>
  <testcase name="test30" time="5.240" classname="demo1.LoginTest"/>
  <system-out/>
  <testcase name="test31" time="5.253" classname="demo1.LoginTest"/>
  <system-out/>
  <testcase name="test32" time="5.260" classname="demo1.LoginTest"/>
  <system-out/>
  <testcase name="test33" time="5.234" classname="demo1.LoginTest"/>
  <system-out/>
  <testcase name="test34" time="13.351" classname="demo1.LoginTest"/>
  <system-out/>
  <testcase name="test35" time="14.032" classname="demo1.LoginTest"/>
  <system-out/>
  <testcase name="test36" time="6.550" classname="demo1.LoginTest"/>
  <system-out/>
  <testcase name="test37" time="10.085" classname="demo1.LoginTest"/>
  <system-out/>
  <testcase name="test38" time="6.843" classname="demo1.LoginTest"/>
  <system-out/>
  <testcase name="test39" time="16.144" classname="demo1.LoginTest"/>
  <system-out/>
  <testcase name="test40" time="9.699" classname="demo1.LoginTest"/>
  <system-out/>
  <testcase name="test41" time="9.623" classname="demo1.LoginTest"/>
  <system-out/>
  <testcase name="test42" time="6.463" classname="demo1.LoginTest"/>
  <system-out/>
  <testcase name="test43" time="14.544" classname="demo1.LoginTest"/>
  <system-out/>
  <testcase name="test44" time="14.833" classname="demo1.LoginTest"/>
  <system-out/>
  <testcase name="test45" time="11.525" classname="demo1.LoginTest"/>
  <system-out/>
  <testcase name="test46" time="33.788" classname="demo1.LoginTest"/>
  <system-out/>
  <testcase name="test47" time="3.173" classname="demo1.LoginTest"/>
  <system-out/>
  <testcase name="test48" time="4.101" classname="demo1.LoginTest"/>
  <system-out/>
  <testcase name="test49" time="6.233" classname="demo1.LoginTest"/>
  <system-out/>
  <testcase name="test50" time="3.221" classname="demo1.LoginTest"/>
  <system-out/>
</testsuite> <!-- demo1.LoginTest -->
