<?xml version="1.0" encoding="UTF-8"?>
<!-- Generated by org.testng.reporters.JUnitReportReporter -->
<testsuite skipped="0" hostname="LAPTOP-U49H9A1T" name="www.test.LoginTest" tests="1" failures="0" timestamp="2020-11-11T16:35:45 CST" time="32.052" errors="0">
  <testcase name="loginTest2" time="32.052" classname="www.test.LoginTest"/>
  <system-out/>
</testsuite> <!-- www.test.LoginTest -->
