<?xml version="1.0" encoding="UTF-8"?>
<!-- Generated by org.testng.reporters.JUnitReportReporter -->
<testsuite skipped="0" hostname="LAPTOP-U49H9A1T" name="www.test.BackLogin" tests="1" failures="0" timestamp="2020-12-07T08:14:59 CST" time="50.177" errors="0">
  <testcase name="Backadvertisement37" time="50.177" classname="www.test.BackLogin"/>
  <system-out/>
</testsuite> <!-- www.test.BackLogin -->
