<?xml version="1.0" encoding="UTF-8"?>
<!-- Generated by org.testng.reporters.JUnitReportReporter -->
<testsuite skipped="0" hostname="LAPTOP-U49H9A1T" name="www.test.Back" tests="9" failures="0" timestamp="2020-12-04T14:20:16 CST" time="209.016" errors="0">
  <testcase name="Back1" time="28.234" classname="www.test.Back"/>
  <system-out/>
  <testcase name="Back2" time="14.415" classname="www.test.Back"/>
  <system-out/>
  <testcase name="Back3" time="26.322" classname="www.test.Back"/>
  <system-out/>
  <testcase name="Back4" time="34.177" classname="www.test.Back"/>
  <system-out/>
  <testcase name="Back5" time="16.850" classname="www.test.Back"/>
  <system-out/>
  <testcase name="Back6" time="22.270" classname="www.test.Back"/>
  <system-out/>
  <testcase name="Back7" time="22.243" classname="www.test.Back"/>
  <system-out/>
  <testcase name="Back8" time="22.292" classname="www.test.Back"/>
  <system-out/>
  <testcase name="Back9" time="22.213" classname="www.test.Back"/>
  <system-out/>
</testsuite> <!-- www.test.Back -->
