<?xml version="1.0" encoding="UTF-8"?>
<!-- Generated by org.testng.reporters.JUnitReportReporter -->
<testsuite skipped="0" hostname="LAPTOP-U49H9A1T" name="www.test.HomePage" tests="1" failures="0" timestamp="2020-12-03T20:45:47 CST" time="57.426" errors="0">
  <testcase name="HomePage11" time="57.426" classname="www.test.HomePage"/>
  <system-out/>
</testsuite> <!-- www.test.HomePage -->
