<?xml version="1.0" encoding="UTF-8"?>
<!-- Generated by org.testng.reporters.JUnitReportReporter -->
<testsuite skipped="0" hostname="LAPTOP-U49H9A1T" name="www.test.FrontLogin" tests="1" failures="0" timestamp="2020-12-01T19:59:27 CST" time="38.368" errors="0">
  <testcase name="Library48" time="38.368" classname="www.test.FrontLogin"/>
  <system-out/>
</testsuite> <!-- www.test.FrontLogin -->
