<?xml version="1.0" encoding="UTF-8"?>
<!-- Generated by org.testng.reporters.JUnitReportReporter -->
<testsuite skipped="0" hostname="LAPTOP-K903MU1U" name="com.webtest.demo.test01" tests="1" failures="0" timestamp="2020-11-27T16:14:47 CST" time="12.678" errors="0">
  <testcase name="add2" time="12.678" classname="com.webtest.demo.test01"/>
  <system-out/>
</testsuite> <!-- com.webtest.demo.test01 -->
