<?xml version="1.0" encoding="UTF-8"?>
<!-- Generated by org.testng.reporters.JUnitReportReporter -->
<testsuite skipped="0" hostname="LAPTOP-K903MU1U" name="com.webtest.demo.TpShopTest" tests="1" failures="0" timestamp="2020-11-19T11:07:58 CST" time="30.112" errors="0">
  <testcase name="testSkip5" time="30.112" classname="com.webtest.demo.TpShopTest"/>
  <system-out/>
</testsuite> <!-- com.webtest.demo.TpShopTest -->
