<?xml version="1.0" encoding="UTF-8"?>
<!-- Generated by org.testng.reporters.JUnitReportReporter -->
<testsuite skipped="0" hostname="LAPTOP-K903MU1U" name="com.webtest.demo.test03" tests="1" failures="0" timestamp="2020-06-11T15:40:47 CST" time="54.114" errors="0">
  <testcase name="pic" time="54.114" classname="com.webtest.demo.test03"/>
  <system-out/>
</testsuite> <!-- com.webtest.demo.test03 -->
